Arguments: 
  C:\Program Files\nodejs\node.exe C:\Users\Sergei\AppData\Roaming\npm\node_modules\yarn\bin\yarn.js add express pg pg-hstore sequeluze cors

PATH: 
  C:\Windows\system32;C:\Windows;C:\Windows\System32\Wbem;C:\Windows\System32\WindowsPowerShell\v1.0\;C:\Windows\System32\OpenSSH\;C:\Program Files (x86)\NVIDIA Corporation\PhysX\Common;C:\Program Files\nodejs\;C:\Program Files\Git\cmd;C:\Program Files\Docker\Docker\resources\bin;C:\ProgramData\DockerDesktop\version-bin;C:\Program Files\Redis\;C:\Program Files\Memurai\;C:\Users\Sergei\AppData\Local\Programs\Python\Python39\Scripts\;C:\Users\Sergei\AppData\Local\Programs\Python\Python39\;C:\Users\Sergei\AppData\Local\Microsoft\WindowsApps;C:\Users\Sergei\AppData\Roaming\npm;C:\Users\Sergei\AppData\Local\Programs\Microsoft VS Code\bin;C:\Program Files\nodejs\node.exe;C:\Program Files\Bandizip\;C:\Program Files\PostgreSQL\13\bin;C:\Program Files\wkhtmltopdf\bin\wkhtmltopdf.exe;C:\Users\Sergei\Downloads\stripe_1.6.2_windows_x86_64\stripe.exe;C:\Program Files\heroku\bin

Yarn version: 
  1.22.10

Node version: 
  14.17.0

Platform: 
  win32 x64

Trace: 
  Error: https://registry.yarnpkg.com/sequeluze: Not found
      at Request.params.callback [as _callback] (C:\Users\Sergei\AppData\Roaming\npm\node_modules\yarn\lib\cli.js:66988:18)
      at Request.self.callback (C:\Users\Sergei\AppData\Roaming\npm\node_modules\yarn\lib\cli.js:140662:22)
      at Request.emit (events.js:376:20)
      at Request.<anonymous> (C:\Users\Sergei\AppData\Roaming\npm\node_modules\yarn\lib\cli.js:141634:10)
      at Request.emit (events.js:376:20)
      at IncomingMessage.<anonymous> (C:\Users\Sergei\AppData\Roaming\npm\node_modules\yarn\lib\cli.js:141556:12)
      at Object.onceWrapper (events.js:482:28)
      at IncomingMessage.emit (events.js:388:22)
      at endReadableNT (internal/streams/readable.js:1336:12)
      at processTicksAndRejections (internal/process/task_queues.js:82:21)

npm manifest: 
  {
    "name": "server",
    "version": "1.0.0",
    "main": "index.js",
    "license": "MIT",
    "scripts": {
      "dev": "",
      "build": ""
    },
    "keywords": []
  }

yarn manifest: 
  No manifest

Lockfile: 
  No lockfile
